Unity Editor version:    2021.3.17f1 (3e8111cac19d)
Branch:                  2021.3/release
Build type:              Release
Batch mode:              YES
macOS version:           Version 12.4 (Build 21F5071b)
Darwin version:          21.5.0
Architecture:            x86_64
Running under Rosetta:   NO
Available memory:        8192 MB
Using pre-set license
Pro License: YES

COMMAND LINE ARGUMENTS:
/Applications/Unity/Hub/Editor/2021.3.17f1/Unity.app/Contents/MacOS/Unity
-adb2
-batchMode
-noUpm
-name
AssetImportWorker0
-projectPath
/Users/macbook/Documents/TEPROS
-logFile
Logs/AssetImportWorker0.log
-srvPort
50694
Successfully changed project path to: /Users/macbook/Documents/TEPROS
/Users/macbook/Documents/TEPROS
[UnityMemory] Configuration Parameters - Can be set up in boot.config
    "memorysetup-bucket-allocator-granularity=16"
    "memorysetup-bucket-allocator-bucket-count=8"
    "memorysetup-bucket-allocator-block-size=33554432"
    "memorysetup-bucket-allocator-block-count=8"
    "memorysetup-main-allocator-block-size=16777216"
    "memorysetup-thread-allocator-block-size=16777216"
    "memorysetup-gfx-main-allocator-block-size=16777216"
    "memorysetup-gfx-thread-allocator-block-size=16777216"
    "memorysetup-cache-allocator-block-size=4194304"
    "memorysetup-typetree-allocator-block-size=2097152"
    "memorysetup-profiler-bucket-allocator-granularity=16"
    "memorysetup-profiler-bucket-allocator-bucket-count=8"
    "memorysetup-profiler-bucket-allocator-block-size=33554432"
    "memorysetup-profiler-bucket-allocator-block-count=8"
    "memorysetup-profiler-allocator-block-size=16777216"
    "memorysetup-profiler-editor-allocator-block-size=1048576"
    "memorysetup-temp-allocator-size-main=16777216"
    "memorysetup-job-temp-allocator-block-size=2097152"
    "memorysetup-job-temp-allocator-block-size-background=1048576"
    "memorysetup-job-temp-allocator-reduction-small-platforms=262144"
    "memorysetup-temp-allocator-size-background-worker=32768"
    "memorysetup-temp-allocator-size-job-worker=262144"
    "memorysetup-temp-allocator-size-preload-manager=33554432"
    "memorysetup-temp-allocator-size-nav-mesh-worker=65536"
    "memorysetup-temp-allocator-size-audio-worker=65536"
    "memorysetup-temp-allocator-size-cloud-worker=32768"
    "memorysetup-temp-allocator-size-gi-baking-worker=262144"
    "memorysetup-temp-allocator-size-gfx=262144"
Player connection [4652238336] Host "[IP] 192.168.0.48 [Port] 0 [Flags] 2 [Guid] 3040576597 [EditorId] 3040576597 [Version] 1048832 [Id] OSXEditor(0,Macbooks-MBP.lan) [Debug] 1 [PackageName] OSXEditor [ProjectName] Editor" joined multi-casting on [225.0.0.222:54997]...

Player connection [4652238336] Host "[IP] 192.168.0.48 [Port] 0 [Flags] 2 [Guid] 3040576597 [EditorId] 3040576597 [Version] 1048832 [Id] OSXEditor(0,Macbooks-MBP.lan) [Debug] 1 [PackageName] OSXEditor [ProjectName] Editor" joined alternative multi-casting on [225.0.0.222:34997]...

Refreshing native plugins compatible for Editor in 89.20 ms, found 2 plugins.
Preloading 0 native plugins for Editor in 0.00 ms.
Initialize engine version: 2021.3.17f1 (3e8111cac19d)
[Subsystems] Discovering subsystems at path /Applications/Unity/Hub/Editor/2021.3.17f1/Unity.app/Contents/Resources/UnitySubsystems
[Subsystems] Discovering subsystems at path /Users/macbook/Documents/TEPROS/Assets
GfxDevice: creating device client; threaded=0; jobified=0
Color LCD preferred device: Intel(R) Iris(TM) Plus Graphics 640 (low power)
Metal devices available: 1
0: Intel(R) Iris(TM) Plus Graphics 640 (low power)
Using device Intel(R) Iris(TM) Plus Graphics 640 (low power)
Initializing Metal device caps: Intel(R) Iris(TM) Plus Graphics 640
Initialize mono
Mono path[0] = '/Applications/Unity/Hub/Editor/2021.3.17f1/Unity.app/Contents/Managed'
Mono path[1] = '/Applications/Unity/Hub/Editor/2021.3.17f1/Unity.app/Contents/MonoBleedingEdge/lib/mono/unityjit-macos'
Mono config path = '/Applications/Unity/Hub/Editor/2021.3.17f1/Unity.app/Contents/MonoBleedingEdge/etc'
Using monoOptions --debugger-agent=transport=dt_socket,embedding=1,server=y,suspend=n,address=127.0.0.1:56780
Begin MonoManager ReloadAssembly
Registering precompiled unity dll's ...
Register platform support module: /Applications/Unity/Hub/Editor/2021.3.17f1/PlaybackEngines/WebGLSupport/UnityEditor.WebGL.Extensions.dll
Register platform support module: /Applications/Unity/Hub/Editor/2021.3.17f1/Unity.app/Contents/PlaybackEngines/MacStandaloneSupport/UnityEditor.OSXStandalone.Extensions.dll
Registered in 0.001072 seconds.
Native extension for OSXStandalone target not found
Native extension for WebGL target not found
Refreshing native plugins compatible for Editor in 75.55 ms, found 2 plugins.
Preloading 0 native plugins for Editor in 0.00 ms.
Mono: successfully reloaded assembly
- Completed reload, in  0.807 seconds
Domain Reload Profiling:
	ReloadAssembly (808ms)
		BeginReloadAssembly (74ms)
			ExecutionOrderSort (0ms)
			DisableScriptedObjects (0ms)
			BackupInstance (0ms)
			ReleaseScriptingObjects (0ms)
			CreateAndSetChildDomain (1ms)
		EndReloadAssembly (590ms)
			LoadAssemblies (73ms)
			RebuildTransferFunctionScriptingTraits (0ms)
			SetupTypeCache (147ms)
			ReleaseScriptCaches (0ms)
			RebuildScriptCaches (38ms)
			SetupLoadedEditorAssemblies (349ms)
				LogAssemblyErrors (0ms)
				InitializePlatformSupportModulesInManaged (8ms)
				SetLoadedEditorAssemblies (0ms)
				RefreshPlugins (76ms)
				BeforeProcessingInitializeOnLoad (1ms)
				ProcessInitializeOnLoadAttributes (197ms)
				ProcessInitializeOnLoadMethodAttributes (66ms)
				AfterProcessingInitializeOnLoad (0ms)
				EditorAssembliesLoaded (0ms)
			ExecutionOrderSort2 (0ms)
			AwakeInstancesAfterBackupRestoration (0ms)
Platform modules already initialized, skipping
Registering precompiled user dll's ...
Registered in 0.003690 seconds.
Begin MonoManager ReloadAssembly
Symbol file LoadedFromMemory doesn't match image /Users/macbook/Documents/TEPROS/Library/PackageCache/com.unity.visualscripting@1.8.0/Editor/VisualScripting.Core/Dependencies/YamlDotNet/Unity.VisualScripting.YamlDotNet.dll
Symbol file LoadedFromMemory doesn't match image /Users/macbook/Documents/TEPROS/Library/PackageCache/com.unity.visualscripting@1.8.0/Editor/VisualScripting.Core/Dependencies/DotNetZip/Unity.VisualScripting.IonicZip.dll
Native extension for OSXStandalone target not found
Native extension for WebGL target not found
Refreshing native plugins compatible for Editor in 0.56 ms, found 2 plugins.
Preloading 0 native plugins for Editor in 0.00 ms.
Mono: successfully reloaded assembly
- Completed reload, in  1.326 seconds
Domain Reload Profiling:
	ReloadAssembly (1327ms)
		BeginReloadAssembly (124ms)
			ExecutionOrderSort (0ms)
			DisableScriptedObjects (8ms)
			BackupInstance (0ms)
			ReleaseScriptingObjects (0ms)
			CreateAndSetChildDomain (28ms)
		EndReloadAssembly (1047ms)
			LoadAssemblies (136ms)
			RebuildTransferFunctionScriptingTraits (0ms)
			SetupTypeCache (319ms)
			ReleaseScriptCaches (1ms)
			RebuildScriptCaches (68ms)
			SetupLoadedEditorAssemblies (465ms)
				LogAssemblyErrors (0ms)
				InitializePlatformSupportModulesInManaged (6ms)
				SetLoadedEditorAssemblies (1ms)
				RefreshPlugins (1ms)
				BeforeProcessingInitializeOnLoad (84ms)
				ProcessInitializeOnLoadAttributes (335ms)
				ProcessInitializeOnLoadMethodAttributes (38ms)
				AfterProcessingInitializeOnLoad (1ms)
				EditorAssembliesLoaded (0ms)
			ExecutionOrderSort2 (0ms)
			AwakeInstancesAfterBackupRestoration (5ms)
Platform modules already initialized, skipping
========================================================================
Worker process is ready to serve import requests
Launching external process: /Applications/Unity/Hub/Editor/2021.3.17f1/Unity.app/Contents/Tools/UnityShaderCompiler
Launched and connected shader compiler UnityShaderCompiler after 0.07 seconds
Refreshing native plugins compatible for Editor in 0.65 ms, found 2 plugins.
Preloading 0 native plugins for Editor in 0.00 ms.
Unloading 3249 Unused Serialized files (Serialized files now loaded: 0)
Unloading 24 unused Assets / (40.0 KB). Loaded Objects now: 3709.
Memory consumption went from 105.8 MB to 105.8 MB.
Total: 5.206778 ms (FindLiveObjects: 0.344358 ms CreateObjectMapping: 0.269124 ms MarkObjects: 4.482814 ms  DeleteObjects: 0.109212 ms)

AssetImportParameters requested are different than current active one (requested -> active):
  custom:video-decoder-ogg-theora: a1e56fd34408186e4bbccfd4996cb3dc -> 
  custom:container-muxer-webm: aa71ff27fc2769a1b78a27578f13a17b -> 
  custom:container-demuxer-webm: 4f35f7cbe854078d1ac9338744f61a02 -> 
  custom:video-encoder-webm-vp8: eb34c28f22e8b96e1ab97ce403110664 -> 
  custom:framework-osx-AVFoundation: e770b220cccbd017edd2c1fefb359320 -> 
  custom:audio-encoder-webm-vorbis: bf7c407c2cedff20999df2af8eb42d56 -> 
  custom:container-demuxer-ogg: 62fdf1f143b41e24485cea50d1cbac27 -> 
  custom:video-decoder-webm-vp8: 9c59270c3fd7afecdb556c50c9e8de78 -> 
  custom:audio-decoder-ogg-vorbis: bf7c407c2cedff20999df2af8eb42d56 -> 
========================================================================
Received Import Request.
  Time since last request: 5412.790656 seconds.
  path: Assets/halaman 1.unity
  artifactKey: Guid(c626da1e8bbf24ebd8f1954bd7287b60) Importer(815301076,1909f56bfc062723c751e8b465ee728b)
Start importing Assets/halaman 1.unity using Guid(c626da1e8bbf24ebd8f1954bd7287b60) Importer(815301076,1909f56bfc062723c751e8b465ee728b)  -> (artifact id: '047386e10d7113241bc86f6625dc0ef9') in 0.008121 seconds 
========================================================================
Received Import Request.
  Time since last request: 263.117339 seconds.
  path: Assets/halaman 3.unity
  artifactKey: Guid(c29154d38bed34ef8badc919f53fc9ce) Importer(815301076,1909f56bfc062723c751e8b465ee728b)
Start importing Assets/halaman 3.unity using Guid(c29154d38bed34ef8badc919f53fc9ce) Importer(815301076,1909f56bfc062723c751e8b465ee728b)  -> (artifact id: '5276a9531e9581d80b11b94592bfc35d') in 0.001436 seconds 
========================================================================
Received Import Request.
  Time since last request: 165.847666 seconds.
  path: Assets/Script/tombol.cs
  artifactKey: Guid(288a1204c5588439eb91d3911029bd46) Importer(815301076,1909f56bfc062723c751e8b465ee728b)
Start importing Assets/Script/tombol.cs using Guid(288a1204c5588439eb91d3911029bd46) Importer(815301076,1909f56bfc062723c751e8b465ee728b)  -> (artifact id: '4dd602344d22f1c83d4195ab87eb6f52') in 0.546265 seconds 
========================================================================
Received Import Request.
  Time since last request: 16.746262 seconds.
  path: Assets/Script/tombol.cs
  artifactKey: Guid(288a1204c5588439eb91d3911029bd46) Importer(815301076,1909f56bfc062723c751e8b465ee728b)
Start importing Assets/Script/tombol.cs using Guid(288a1204c5588439eb91d3911029bd46) Importer(815301076,1909f56bfc062723c751e8b465ee728b)  -> (artifact id: '1b9279772a4745c12846d51599353b33') in 0.002334 seconds 
========================================================================
Received Import Request.
  Time since last request: 52.566330 seconds.
  path: Assets/halaman 3.unity
  artifactKey: Guid(c29154d38bed34ef8badc919f53fc9ce) Importer(815301076,1909f56bfc062723c751e8b465ee728b)
Start importing Assets/halaman 3.unity using Guid(c29154d38bed34ef8badc919f53fc9ce) Importer(815301076,1909f56bfc062723c751e8b465ee728b)  -> (artifact id: '51e85610ab26c4650218a4603b4872ac') in 0.001223 seconds 
========================================================================
Received Import Request.
  Time since last request: 39.500875 seconds.
  path: Assets/Script/tombol 1.cs
  artifactKey: Guid(288a1204c5588439eb91d3911029bd46) Importer(815301076,1909f56bfc062723c751e8b465ee728b)
Start importing Assets/Script/tombol 1.cs using Guid(288a1204c5588439eb91d3911029bd46) Importer(815301076,1909f56bfc062723c751e8b465ee728b)  -> (artifact id: '50205cc0668561a99b412acb3db0df9a') in 0.002063 seconds 
========================================================================
Received Import Request.
  Time since last request: 427.800324 seconds.
  path: Assets/Gambar/exit.png
  artifactKey: Guid(e8f810edf6c314cb98f67fa28fb64d48) Importer(815301076,1909f56bfc062723c751e8b465ee728b)
Start importing Assets/Gambar/exit.png using Guid(e8f810edf6c314cb98f67fa28fb64d48) Importer(815301076,1909f56bfc062723c751e8b465ee728b)  -> (artifact id: '2c6dfd56c2593f514ff624af8313f711') in 0.997254 seconds 
